2021-01-23 23:40:31 INFO  Main:22 - Start of the program ===================
2021-01-23 23:40:31 INFO  Main:27 - Data from the file data.txt has been read
2021-01-23 23:40:31 INFO  NotificationController:23 - Timers were canceled
2021-01-23 23:40:31 INFO  NotificationController:37 - Created new timers
2021-01-23 23:40:31 INFO  Main:52 - Restarted the notification subsystem
2021-01-23 23:40:31 INFO  Main:31 - Go to main menu
2021-01-23 23:40:31 INFO  ConsoleView:79 - Main menu has been printed
2021-01-23 23:40:39 INFO  Controller:105 - Getting user input. Result: 2
2021-01-23 23:40:39 INFO  Controller:118 - Go to list all tasks
2021-01-23 23:40:39 INFO  ConsoleView:84 - List menu has been printed
2021-01-23 23:40:39 INFO  ConsoleView:39 - The task list has been printed
2021-01-23 23:40:51 INFO  Controller:136 - Getting user input. Result: 2
2021-01-23 23:40:51 INFO  Controller:142 - Selected a task
2021-01-23 23:40:51 INFO  ConsoleView:49 - Task info has been printed
2021-01-23 23:40:51 INFO  ConsoleView:74 - Task options have been printed
2021-01-23 23:40:53 INFO  Controller:153 - Getting user input. Result: 1
2021-01-23 23:40:53 INFO  Controller:168 - Task has been activated
2021-01-23 23:40:53 INFO  NotificationController:23 - Timers were canceled
2021-01-23 23:40:53 INFO  NotificationController:37 - Created new timers
2021-01-23 23:40:53 INFO  Main:52 - Restarted the notification subsystem
2021-01-23 23:40:53 INFO  ConsoleView:84 - List menu has been printed
2021-01-23 23:40:53 INFO  ConsoleView:39 - The task list has been printed
2021-01-23 23:40:55 INFO  Controller:136 - Getting user input. Result: 0
2021-01-23 23:40:55 INFO  ConsoleView:79 - Main menu has been printed
2021-01-23 23:40:56 INFO  Controller:105 - Getting user input. Result: 3
2021-01-23 23:40:56 INFO  Main:37 - File data.txt has been deleted
2021-01-23 23:40:56 INFO  Main:40 - New file data.txt created
2021-01-23 23:40:56 INFO  Main:47 - Data has been written to a file data.txt
2021-01-23 23:40:56 INFO  Controller:123 - Terminating the program=================
2021-01-23 23:42:40 INFO  Main:22 - Start of the program ===================
2021-01-23 23:42:40 INFO  Main:27 - Data from the file data.txt has been read
2021-01-23 23:42:40 INFO  NotificationController:23 - Timers were canceled
2021-01-23 23:42:40 INFO  NotificationController:37 - Created new timers
2021-01-23 23:42:40 INFO  Main:52 - Restarted the notification subsystem
2021-01-23 23:42:40 INFO  Main:31 - Go to main menu
2021-01-23 23:42:40 INFO  ConsoleView:79 - Main menu has been printed
2021-01-23 23:42:53 INFO  Controller:105 - Getting user input. Result: 1
2021-01-23 23:42:53 INFO  Controller:114 - Go to calendar for week
2021-01-23 23:42:53 INFO  ConsoleView:66 - Calendar for week has been printed
2021-01-23 23:42:53 INFO  ConsoleView:39 - The task list has been printed
2021-01-23 23:43:08 INFO  Controller:189 - Getting user input. Result: 1
2021-01-23 23:43:08 INFO  ConsoleView:79 - Main menu has been printed
2021-01-23 23:43:11 INFO  Controller:105 - Getting user input. Result: 1
2021-01-23 23:43:11 INFO  Controller:114 - Go to calendar for week
2021-01-23 23:43:11 INFO  ConsoleView:66 - Calendar for week has been printed
2021-01-23 23:43:11 INFO  ConsoleView:39 - The task list has been printed
2021-01-23 23:43:18 INFO  Controller:189 - Getting user input. Result: 3
2021-01-23 23:43:18 INFO  Controller:196 - Selected a task
2021-01-23 23:43:18 INFO  ConsoleView:49 - Task info has been printed
2021-01-23 23:43:18 INFO  ConsoleView:74 - Task options have been printed
2021-01-23 23:43:20 INFO  Controller:153 - Getting user input. Result: 1
2021-01-23 23:43:20 INFO  Controller:164 - Task has been deactivated
2021-01-23 23:43:20 INFO  NotificationController:23 - Timers were canceled
2021-01-23 23:43:20 INFO  NotificationController:37 - Created new timers
2021-01-23 23:43:20 INFO  Main:52 - Restarted the notification subsystem
2021-01-23 23:43:20 INFO  ConsoleView:66 - Calendar for week has been printed
2021-01-23 23:43:20 INFO  ConsoleView:39 - The task list has been printed
2021-01-23 23:43:26 INFO  Controller:189 - Getting user input. Result: 1
2021-01-23 23:43:26 INFO  ConsoleView:79 - Main menu has been printed
2021-01-23 23:43:28 INFO  Controller:105 - Getting user input. Result: 3
2021-01-23 23:43:28 INFO  Main:37 - File data.txt has been deleted
2021-01-23 23:43:28 INFO  Main:40 - New file data.txt created
2021-01-23 23:43:28 INFO  Main:47 - Data has been written to a file data.txt
2021-01-23 23:43:28 INFO  Controller:123 - Terminating the program ============
2021-01-23 23:52:04 INFO  Main:22 - Start of the program ===================
2021-01-23 23:52:04 INFO  Main:27 - Data from the file data.txt has been read
2021-01-23 23:52:04 INFO  NotificationController:23 - Timers were canceled
2021-01-23 23:52:04 INFO  NotificationController:37 - Created new timers
2021-01-23 23:52:04 INFO  Main:52 - Restarted the notification subsystem
2021-01-23 23:52:04 INFO  Main:31 - Go to main menu
2021-01-23 23:52:04 INFO  ConsoleView:74 - Main menu has been printed
2021-01-23 23:52:08 INFO  Controller:105 - Getting user input. Result: 2
2021-01-23 23:52:08 INFO  Controller:118 - Go to list all tasks
2021-01-23 23:52:08 INFO  ConsoleView:79 - List menu has been printed
2021-01-23 23:52:08 INFO  ConsoleView:34 - The task list has been printed
2021-01-23 23:52:17 INFO  Controller:136 - Getting user input. Result: 1
2021-01-23 23:52:17 INFO  Controller:138 - Go to filter tasks
2021-01-23 23:52:37 INFO  Controller:33 - Task list has been filtered
2021-01-23 23:52:37 INFO  ConsoleView:79 - List menu has been printed
2021-01-23 23:52:37 INFO  ConsoleView:34 - The task list has been printed
2021-01-23 23:52:59 INFO  Controller:136 - Getting user input. Result: 0
2021-01-23 23:52:59 INFO  ConsoleView:79 - List menu has been printed
2021-01-23 23:52:59 INFO  ConsoleView:34 - The task list has been printed
2021-01-23 23:53:03 INFO  Controller:136 - Getting user input. Result: 2
2021-01-23 23:53:03 INFO  Controller:142 - Selected a task
2021-01-23 23:53:03 INFO  ConsoleView:44 - Task info has been printed
2021-01-23 23:53:03 INFO  ConsoleView:69 - Task options have been printed
2021-01-23 23:53:05 INFO  Controller:153 - Getting user input. Result: 2
2021-01-23 23:53:05 INFO  Controller:174 - Task has been deleted
2021-01-23 23:53:05 INFO  NotificationController:23 - Timers were canceled
2021-01-23 23:53:05 INFO  NotificationController:37 - Created new timers
2021-01-23 23:53:05 INFO  Main:52 - Restarted the notification subsystem
2021-01-23 23:53:05 INFO  ConsoleView:79 - List menu has been printed
2021-01-23 23:53:05 INFO  ConsoleView:34 - The task list has been printed
2021-01-23 23:53:08 INFO  Controller:136 - Getting user input. Result: 2
2021-01-23 23:53:08 INFO  Controller:142 - Selected a task
2021-01-23 23:53:08 INFO  ConsoleView:44 - Task info has been printed
2021-01-23 23:53:08 INFO  ConsoleView:69 - Task options have been printed
2021-01-23 23:53:09 INFO  Controller:153 - Getting user input. Result: 2
2021-01-23 23:53:09 INFO  Controller:174 - Task has been deleted
2021-01-23 23:53:09 INFO  NotificationController:23 - Timers were canceled
2021-01-23 23:53:09 INFO  NotificationController:37 - Created new timers
2021-01-23 23:53:09 INFO  Main:52 - Restarted the notification subsystem
2021-01-23 23:53:09 INFO  ConsoleView:79 - List menu has been printed
2021-01-23 23:53:09 INFO  ConsoleView:34 - The task list has been printed
2021-01-23 23:53:10 INFO  Controller:136 - Getting user input. Result: 2
2021-01-23 23:53:10 INFO  Controller:142 - Selected a task
2021-01-23 23:53:10 INFO  ConsoleView:44 - Task info has been printed
2021-01-23 23:53:10 INFO  ConsoleView:69 - Task options have been printed
2021-01-23 23:53:11 INFO  Controller:153 - Getting user input. Result: 2
2021-01-23 23:53:11 INFO  Controller:174 - Task has been deleted
2021-01-23 23:53:11 INFO  NotificationController:23 - Timers were canceled
2021-01-23 23:53:11 INFO  NotificationController:37 - Created new timers
2021-01-23 23:53:11 INFO  Main:52 - Restarted the notification subsystem
2021-01-23 23:53:11 INFO  ConsoleView:79 - List menu has been printed
2021-01-23 23:53:11 INFO  ConsoleView:34 - The task list has been printed
2021-01-23 23:53:15 INFO  Controller:136 - Getting user input. Result: 0
2021-01-23 23:53:15 INFO  ConsoleView:74 - Main menu has been printed
2021-01-23 23:53:17 INFO  Controller:105 - Getting user input. Result: 1
2021-01-23 23:53:17 INFO  Controller:114 - Go to calendar for week
2021-01-23 23:53:17 INFO  ConsoleView:61 - Calendar for week has been printed
2021-01-23 23:53:17 INFO  ConsoleView:34 - The task list has been printed
2021-01-23 23:53:19 INFO  Controller:189 - Getting user input. Result: 1
2021-01-23 23:53:19 INFO  ConsoleView:74 - Main menu has been printed
2021-01-23 23:53:21 INFO  Controller:105 - Getting user input. Result: 2
2021-01-23 23:53:21 INFO  Controller:118 - Go to list all tasks
2021-01-23 23:53:21 INFO  ConsoleView:79 - List menu has been printed
2021-01-23 23:53:21 INFO  ConsoleView:34 - The task list has been printed
2021-01-23 23:53:23 INFO  Controller:136 - Getting user input. Result: 0
2021-01-23 23:53:23 INFO  ConsoleView:74 - Main menu has been printed
2021-01-23 23:54:14 INFO  Controller:105 - Getting user input. Result: 3
2021-01-23 23:54:14 INFO  Main:37 - File data.txt has been deleted
2021-01-23 23:54:14 INFO  Main:40 - New file data.txt created
2021-01-23 23:54:14 INFO  Main:47 - Data has been written to a file data.txt
2021-01-23 23:54:14 INFO  Controller:123 - Terminating the program ============
2021-01-24 00:05:33 INFO  Main:22 - Start of the program ===================
2021-01-24 00:05:33 INFO  Main:27 - Data from the file data.txt has been read
2021-01-24 00:05:33 INFO  NotificationController:23 - Timers were canceled
2021-01-24 00:05:33 INFO  NotificationController:37 - Created new timers
2021-01-24 00:05:33 INFO  Main:52 - Restarted the notification subsystem
2021-01-24 00:05:33 INFO  Main:31 - Go to main menu
2021-01-24 00:05:33 INFO  ConsoleView:74 - Main menu has been printed
2021-01-24 00:05:37 INFO  Controller:112 - Getting user input. Result: 2
2021-01-24 00:05:37 INFO  Controller:125 - Go to list all tasks
2021-01-24 00:05:37 INFO  ConsoleView:80 - List menu has been printed
2021-01-24 00:05:37 INFO  ConsoleView:34 - The task list has been printed
2021-01-24 00:05:39 INFO  Controller:143 - Getting user input. Result: 1
2021-01-24 00:05:39 INFO  Controller:145 - Go to filter tasks
2021-01-24 00:05:57 WARN  Controller:30 - Time period entered incorrectly
2021-01-24 00:05:57 INFO  ConsoleView:80 - List menu has been printed
2021-01-24 00:06:07 INFO  Controller:143 - Getting user input. Result: 0
2021-01-24 00:06:07 INFO  ConsoleView:80 - List menu has been printed
2021-01-24 00:06:07 INFO  ConsoleView:34 - The task list has been printed
2021-01-24 00:12:14 INFO  Controller:143 - Getting user input. Result: 0
2021-01-24 00:12:14 INFO  ConsoleView:74 - Main menu has been printed
2021-01-24 00:12:16 INFO  Controller:112 - Getting user input. Result: 3
2021-01-24 00:12:16 INFO  Main:37 - File data.txt has been deleted
2021-01-24 00:12:16 INFO  Main:40 - New file data.txt created
2021-01-24 00:12:16 INFO  Main:47 - Data has been written to a file data.txt
2021-01-24 00:12:16 INFO  Controller:130 - Terminating the program ============
2021-01-24 00:12:27 INFO  Main:22 - Start of the program ===================
2021-01-24 00:12:27 INFO  Main:27 - Data from the file data.txt has been read
2021-01-24 00:12:27 INFO  NotificationController:23 - Timers were canceled
2021-01-24 00:12:27 INFO  NotificationController:37 - Created new timers
2021-01-24 00:12:27 INFO  Main:52 - Restarted the notification subsystem
2021-01-24 00:12:27 INFO  Main:31 - Go to main menu
2021-01-24 00:12:27 INFO  ConsoleView:74 - Main menu has been printed
2021-01-24 00:22:04 INFO  Controller:112 - Getting user input. Result: 2
2021-01-24 00:22:04 INFO  Controller:125 - Go to list all tasks
2021-01-24 00:22:04 INFO  ConsoleView:80 - List menu has been printed
2021-01-24 00:22:04 INFO  ConsoleView:34 - The task list has been printed
2021-01-24 00:22:05 INFO  Controller:143 - Getting user input. Result: 1
2021-01-24 00:22:05 INFO  Controller:145 - Go to filter tasks
2021-01-24 00:22:30 INFO  Controller:39 - Task list has been filtered
2021-01-24 00:26:03 INFO  Main:22 - Start of the program ===================
2021-01-24 00:26:03 INFO  Main:27 - Data from the file data.txt has been read
2021-01-24 00:26:03 INFO  NotificationController:23 - Timers were canceled
2021-01-24 00:26:03 INFO  NotificationController:37 - Created new timers
2021-01-24 00:26:03 INFO  Main:52 - Restarted the notification subsystem
2021-01-24 00:26:03 INFO  Main:31 - Go to main menu
2021-01-24 00:26:03 INFO  ConsoleView:74 - Main menu has been printed
2021-01-24 00:26:32 INFO  Controller:112 - Getting user input. Result: 2
2021-01-24 00:26:32 INFO  Controller:125 - Go to list all tasks
2021-01-24 00:26:32 INFO  ConsoleView:80 - List menu has been printed
2021-01-24 00:26:32 INFO  ConsoleView:34 - The task list has been printed
2021-01-24 00:26:33 INFO  Controller:143 - Getting user input. Result: 1
2021-01-24 00:26:33 INFO  Controller:145 - Go to filter tasks
2021-01-24 00:26:55 INFO  Controller:39 - Task list has been filtered
2021-01-24 00:26:55 INFO  Controller:39 - Task list has been filtered
2021-01-24 00:26:55 INFO  ConsoleView:80 - List menu has been printed
2021-01-24 00:26:55 INFO  ConsoleView:34 - The task list has been printed
2021-01-24 00:27:40 INFO  Controller:143 - Getting user input. Result: 0
2021-01-24 00:27:40 INFO  ConsoleView:80 - List menu has been printed
2021-01-24 00:27:40 INFO  ConsoleView:34 - The task list has been printed
2021-01-24 00:27:53 INFO  Controller:143 - Getting user input. Result: 0
2021-01-24 00:27:53 INFO  ConsoleView:74 - Main menu has been printed
2021-01-24 00:27:55 INFO  Controller:112 - Getting user input. Result: 2
2021-01-24 00:27:55 INFO  Controller:125 - Go to list all tasks
2021-01-24 00:27:55 INFO  ConsoleView:80 - List menu has been printed
2021-01-24 00:27:55 INFO  ConsoleView:34 - The task list has been printed
2021-01-24 00:27:57 INFO  Controller:143 - Getting user input. Result: 0
2021-01-24 00:27:57 INFO  ConsoleView:74 - Main menu has been printed
2021-01-24 00:28:00 INFO  Controller:112 - Getting user input. Result: 0
2021-01-24 00:28:39 INFO  Controller:116 - Got info about new task
2021-01-24 00:28:39 INFO  Controller:64 - Added new task
2021-01-24 00:28:39 INFO  NotificationController:23 - Timers were canceled
2021-01-24 00:28:39 INFO  NotificationController:37 - Created new timers
2021-01-24 00:28:39 INFO  Main:52 - Restarted the notification subsystem
2021-01-24 00:28:39 INFO  ConsoleView:74 - Main menu has been printed
2021-01-24 00:28:41 INFO  Controller:112 - Getting user input. Result: 0
2021-01-24 00:29:05 INFO  Controller:116 - Got info about new task
2021-01-24 00:29:05 INFO  Controller:64 - Added new task
2021-01-24 00:29:05 INFO  NotificationController:23 - Timers were canceled
2021-01-24 00:29:05 INFO  NotificationController:37 - Created new timers
2021-01-24 00:29:05 INFO  Main:52 - Restarted the notification subsystem
2021-01-24 00:29:05 INFO  ConsoleView:74 - Main menu has been printed
2021-01-24 00:29:13 INFO  Controller:112 - Getting user input. Result: 0
2021-01-24 00:29:41 INFO  Controller:116 - Got info about new task
2021-01-24 00:29:41 INFO  Controller:64 - Added new task
2021-01-24 00:29:41 INFO  NotificationController:23 - Timers were canceled
2021-01-24 00:29:41 INFO  NotificationController:37 - Created new timers
2021-01-24 00:29:41 INFO  Main:52 - Restarted the notification subsystem
2021-01-24 00:29:41 INFO  ConsoleView:74 - Main menu has been printed
2021-01-24 00:29:43 INFO  Controller:112 - Getting user input. Result: 2
2021-01-24 00:29:43 INFO  Controller:125 - Go to list all tasks
2021-01-24 00:29:43 INFO  ConsoleView:80 - List menu has been printed
2021-01-24 00:29:43 INFO  ConsoleView:34 - The task list has been printed
2021-01-24 00:29:54 INFO  Controller:143 - Getting user input. Result: 1
2021-01-24 00:29:54 INFO  Controller:145 - Go to filter tasks
2021-01-24 00:30:20 INFO  Controller:39 - Task list has been filtered
2021-01-24 00:30:20 INFO  Controller:39 - Task list has been filtered
2021-01-24 00:30:20 INFO  ConsoleView:80 - List menu has been printed
2021-01-24 00:30:20 INFO  ConsoleView:34 - The task list has been printed
2021-01-24 00:31:05 INFO  Controller:143 - Getting user input. Result: 2
2021-01-24 00:31:05 INFO  Controller:152 - Selected a task
2021-01-24 00:31:05 INFO  ConsoleView:41 - Task info has been printed
2021-01-24 00:31:05 INFO  ConsoleView:68 - Task options have been printed
2021-01-24 00:31:20 INFO  Controller:163 - Getting user input. Result: 3
2021-01-24 00:31:20 INFO  ConsoleView:80 - List menu has been printed
2021-01-24 00:31:20 INFO  ConsoleView:34 - The task list has been printed
2021-01-24 00:31:32 INFO  Controller:143 - Getting user input. Result: 2
2021-01-24 00:31:32 INFO  Controller:152 - Selected a task
2021-01-24 00:31:32 INFO  ConsoleView:41 - Task info has been printed
2021-01-24 00:31:32 INFO  ConsoleView:68 - Task options have been printed
2021-01-24 00:31:34 INFO  Controller:163 - Getting user input. Result: 1
2021-01-24 00:31:34 INFO  Controller:174 - Task has been deactivated
2021-01-24 00:31:34 INFO  NotificationController:23 - Timers were canceled
2021-01-24 00:31:34 INFO  NotificationController:37 - Created new timers
2021-01-24 00:31:34 INFO  Main:52 - Restarted the notification subsystem
2021-01-24 00:31:34 INFO  ConsoleView:80 - List menu has been printed
2021-01-24 00:31:34 INFO  ConsoleView:34 - The task list has been printed
2021-01-24 00:31:37 INFO  Controller:143 - Getting user input. Result: 0
2021-01-24 00:31:37 INFO  ConsoleView:80 - List menu has been printed
2021-01-24 00:31:37 INFO  ConsoleView:34 - The task list has been printed
2021-01-24 00:31:43 INFO  Controller:143 - Getting user input. Result: 0
2021-01-24 00:31:43 INFO  ConsoleView:74 - Main menu has been printed
2021-01-24 00:31:50 INFO  Controller:112 - Getting user input. Result: 3
2021-01-24 00:31:50 INFO  Main:37 - File data.txt has been deleted
2021-01-24 00:31:50 INFO  Main:40 - New file data.txt created
2021-01-24 00:31:50 INFO  Main:47 - Data has been written to a file data.txt
2021-01-24 00:31:50 INFO  Controller:130 - Terminating the program ============
2021-01-24 01:53:01 INFO  Main:22 - Start of the program ===================
2021-01-24 01:53:01 INFO  Main:27 - Data from the file data.txt has been read
2021-01-24 01:53:01 INFO  NotificationController:23 - Timers were canceled
2021-01-24 01:53:01 INFO  NotificationController:37 - Created new timers
2021-01-24 01:53:01 INFO  Main:52 - Restarted the notification subsystem
2021-01-24 01:53:01 INFO  Main:31 - Go to main menu
2021-01-24 01:53:01 INFO  ConsoleView:74 - Main menu has been printed
2021-01-24 01:53:06 INFO  Controller:112 - Getting user input. Result: 2
2021-01-24 01:53:06 INFO  Controller:125 - Go to list all tasks
2021-01-24 01:53:06 INFO  ConsoleView:80 - List menu has been printed
2021-01-24 01:53:06 INFO  ConsoleView:34 - The task list has been printed
2021-01-24 01:53:29 INFO  Controller:143 - Getting user input. Result: 0
2021-01-24 01:53:29 INFO  ConsoleView:74 - Main menu has been printed
2021-01-24 01:53:31 INFO  Controller:112 - Getting user input. Result: 3
2021-01-24 01:53:31 INFO  Main:37 - File data.txt has been deleted
2021-01-24 01:53:31 INFO  Main:40 - New file data.txt created
2021-01-24 01:53:31 INFO  Main:47 - Data has been written to a file data.txt
2021-01-24 01:53:31 INFO  Controller:130 - Terminating the program ============
2021-01-24 14:03:46 INFO  Main:22 - Start of the program ===================
2021-01-24 14:03:46 INFO  Main:27 - Data from the file data.txt has been read
2021-01-24 14:03:46 INFO  NotificationController:23 - Timers were canceled
2021-01-24 14:03:46 INFO  NotificationController:37 - Created new timers
2021-01-24 14:03:46 INFO  Main:52 - Restarted the notification subsystem
2021-01-24 14:03:46 INFO  Main:31 - Go to main menu
2021-01-24 14:03:46 INFO  ConsoleView:74 - Main menu has been printed
2021-01-24 14:05:15 INFO  Controller:112 - Getting user input. Result: 2
2021-01-24 14:05:15 INFO  Controller:125 - Go to list all tasks
2021-01-24 14:05:15 INFO  ConsoleView:80 - List menu has been printed
2021-01-24 14:05:15 INFO  ConsoleView:34 - The task list has been printed
2021-01-24 14:05:28 INFO  Controller:143 - Getting user input. Result: 0
2021-01-24 14:05:28 INFO  ConsoleView:74 - Main menu has been printed
2021-01-24 14:05:29 INFO  Controller:112 - Getting user input. Result: 3
2021-01-24 14:05:29 INFO  Main:37 - File data.txt has been deleted
2021-01-24 14:05:29 INFO  Main:40 - New file data.txt created
2021-01-24 14:05:29 INFO  Main:47 - Data has been written to a file data.txt
2021-01-24 14:05:29 INFO  Controller:130 - Terminating the program ============
2021-01-26 22:03:12 INFO  Main:22 - Start of the program ===================
2021-01-26 22:03:12 INFO  Main:27 - Data from the file data.txt has been read
2021-01-26 22:03:12 INFO  NotificationController:23 - Timers were canceled
2021-01-26 22:03:12 INFO  NotificationController:37 - Created new timers
2021-01-26 22:03:12 INFO  Main:51 - Restarted the notification subsystem
2021-01-26 22:03:12 INFO  Main:31 - Go to main menu
2021-01-26 22:03:12 INFO  ConsoleView:74 - Main menu has been printed
2021-01-26 22:03:19 INFO  Controller:116 - Getting user input. Result: 0
2021-01-26 22:03:41 INFO  Controller:120 - Got info about new task
2021-01-26 22:03:41 INFO  Controller:67 - Added new task
2021-01-26 22:03:41 INFO  NotificationController:23 - Timers were canceled
2021-01-26 22:03:41 INFO  NotificationController:37 - Created new timers
2021-01-26 22:03:41 INFO  Main:51 - Restarted the notification subsystem
2021-01-26 22:03:41 INFO  ConsoleView:74 - Main menu has been printed
2021-01-26 22:03:43 INFO  Controller:116 - Getting user input. Result: 0
2021-01-26 22:04:11 INFO  Controller:120 - Got info about new task
2021-01-26 22:04:11 INFO  Controller:67 - Added new task
2021-01-26 22:04:11 INFO  NotificationController:23 - Timers were canceled
2021-01-26 22:04:11 INFO  NotificationController:37 - Created new timers
2021-01-26 22:04:11 INFO  Main:51 - Restarted the notification subsystem
2021-01-26 22:04:11 INFO  ConsoleView:74 - Main menu has been printed
2021-01-26 22:04:15 INFO  Controller:116 - Getting user input. Result: 2
2021-01-26 22:04:15 INFO  Controller:129 - Go to list all tasks
2021-01-26 22:04:15 INFO  ConsoleView:80 - List menu has been printed
2021-01-26 22:04:15 INFO  ConsoleView:34 - The task list has been printed
2021-01-26 22:04:21 INFO  Controller:147 - Getting user input. Result: 5
2021-01-26 22:04:21 INFO  Controller:156 - Selected a task
2021-01-26 22:04:21 INFO  ConsoleView:41 - Task info has been printed
2021-01-26 22:04:21 INFO  ConsoleView:68 - Task options have been printed
2021-01-26 22:04:29 INFO  Controller:167 - Getting user input. Result: 3
2021-01-26 22:04:29 INFO  ConsoleView:80 - List menu has been printed
2021-01-26 22:04:29 INFO  ConsoleView:34 - The task list has been printed
2021-01-26 22:04:30 INFO  Controller:147 - Getting user input. Result: 6
2021-01-26 22:04:30 INFO  Controller:156 - Selected a task
2021-01-26 22:04:30 INFO  ConsoleView:41 - Task info has been printed
2021-01-26 22:04:30 INFO  ConsoleView:68 - Task options have been printed
2021-01-26 22:04:35 INFO  Controller:167 - Getting user input. Result: 3
2021-01-26 22:04:35 INFO  ConsoleView:80 - List menu has been printed
2021-01-26 22:04:35 INFO  ConsoleView:34 - The task list has been printed
2021-01-26 22:04:38 INFO  Controller:147 - Getting user input. Result: 5
2021-01-26 22:04:38 INFO  Controller:156 - Selected a task
2021-01-26 22:04:38 INFO  ConsoleView:41 - Task info has been printed
2021-01-26 22:04:38 INFO  ConsoleView:68 - Task options have been printed
2021-01-26 22:04:40 INFO  Controller:167 - Getting user input. Result: 0
2021-01-26 22:04:40 INFO  Controller:170 - Go to edit task
2021-01-26 22:04:40 INFO  ConsoleView:209 - Edit menu has been printed
2021-01-26 22:04:42 INFO  Controller:83 - Getting user input. Result: 1
2021-01-26 22:04:50 INFO  Controller:101 - Time was changed
2021-01-26 22:04:50 INFO  ConsoleView:209 - Edit menu has been printed
2021-01-26 22:04:54 INFO  Controller:83 - Getting user input. Result: 2
2021-01-26 22:04:54 INFO  NotificationController:23 - Timers were canceled
2021-01-26 22:04:55 INFO  NotificationController:37 - Created new timers
2021-01-26 22:04:55 INFO  Main:51 - Restarted the notification subsystem
2021-01-26 22:04:55 INFO  ConsoleView:80 - List menu has been printed
2021-01-26 22:04:55 INFO  ConsoleView:34 - The task list has been printed
2021-01-26 22:04:59 INFO  Controller:147 - Getting user input. Result: 6
2021-01-26 22:04:59 INFO  Controller:156 - Selected a task
2021-01-26 22:04:59 INFO  ConsoleView:41 - Task info has been printed
2021-01-26 22:04:59 INFO  ConsoleView:68 - Task options have been printed
2021-01-26 22:05:01 INFO  Controller:167 - Getting user input. Result: 0
2021-01-26 22:05:01 INFO  Controller:170 - Go to edit task
2021-01-26 22:05:01 INFO  ConsoleView:209 - Edit menu has been printed
2021-01-26 22:05:03 INFO  Controller:83 - Getting user input. Result: 1
2021-01-26 22:05:31 INFO  Controller:101 - Time was changed
2021-01-26 22:05:31 INFO  ConsoleView:209 - Edit menu has been printed
2021-01-26 22:05:35 INFO  Controller:83 - Getting user input. Result: 2
2021-01-26 22:05:35 INFO  NotificationController:23 - Timers were canceled
2021-01-26 22:05:37 INFO  NotificationController:37 - Created new timers
2021-01-26 22:05:37 INFO  Main:51 - Restarted the notification subsystem
2021-01-26 22:05:37 INFO  ConsoleView:80 - List menu has been printed
2021-01-26 22:05:37 INFO  ConsoleView:34 - The task list has been printed
2021-01-26 22:05:39 INFO  Controller:147 - Getting user input. Result: 0
2021-01-26 22:05:39 INFO  ConsoleView:74 - Main menu has been printed
2021-01-26 22:05:40 INFO  Controller:116 - Getting user input. Result: 3
2021-01-26 22:05:40 INFO  Main:37 - File data.txt has been deleted
2021-01-26 22:05:40 INFO  Main:40 - New file data.txt created
2021-01-26 22:05:40 INFO  Main:46 - Data has been written to a file data.txt
2021-01-26 22:05:40 INFO  Controller:134 - Terminating the program ============
2021-01-27 12:58:15 INFO  Main:22 - Start of the program ===================
2021-01-27 12:58:15 INFO  Main:27 - Data from the file data.txt has been read
2021-01-27 12:58:15 INFO  NotificationController:23 - Timers were canceled
2021-01-27 12:58:29 INFO  NotificationController:37 - Created new timers
2021-01-27 12:58:29 INFO  Main:51 - Restarted the notification subsystem
2021-01-27 12:58:29 INFO  Main:31 - Go to main menu
2021-01-27 12:58:29 INFO  ConsoleView:74 - Main menu has been printed
2021-01-27 12:58:30 INFO  TimerTask:19 - Notification was been printed
2021-01-27 12:59:22 INFO  Controller:116 - Getting user input. Result: 2
2021-01-27 12:59:22 INFO  Controller:129 - Go to list all tasks
2021-01-27 12:59:22 INFO  ConsoleView:80 - List menu has been printed
2021-01-27 12:59:22 INFO  ConsoleView:34 - The task list has been printed
2021-01-27 12:59:36 INFO  Controller:147 - Getting user input. Result: 0
2021-01-27 12:59:36 INFO  ConsoleView:74 - Main menu has been printed
2021-01-27 12:59:38 INFO  Controller:116 - Getting user input. Result: 3
2021-01-27 12:59:38 INFO  Main:37 - File data.txt has been deleted
2021-01-27 12:59:38 INFO  Main:40 - New file data.txt created
2021-01-27 12:59:38 INFO  Main:46 - Data has been written to a file data.txt
2021-01-27 12:59:38 INFO  Controller:134 - Terminating the program ============
2021-01-27 18:24:40 INFO  Main:22 - Start of the program ===================
2021-01-27 18:24:42 INFO  Main:27 - Data from the file data.txt has been read
2021-01-27 18:24:42 INFO  NotificationController:21 - Timers were canceled
2021-01-27 18:24:42 INFO  NotificationController:35 - Created new timers
2021-01-27 18:24:42 INFO  Main:51 - Restarted the notification subsystem
2021-01-27 18:24:42 INFO  Main:31 - Go to main menu
2021-01-27 18:24:42 INFO  ConsoleView:74 - Main menu has been printed
2021-01-27 18:25:31 INFO  Main:22 - Start of the program ===================
2021-01-27 18:25:31 INFO  Main:27 - Data from the file data.txt has been read
2021-01-27 18:25:31 INFO  NotificationController:21 - Timers were canceled
2021-01-27 18:25:31 INFO  NotificationController:35 - Created new timers
2021-01-27 18:25:31 INFO  Main:51 - Restarted the notification subsystem
2021-01-27 18:25:31 INFO  Main:31 - Go to main menu
2021-01-27 18:25:31 INFO  ConsoleView:74 - Main menu has been printed
2021-01-27 18:28:44 INFO  Main:22 - Start of the program ===================
2021-01-27 18:28:44 INFO  Main:27 - Data from the file data.txt has been read
2021-01-27 18:28:44 INFO  NotificationController:21 - Timers were canceled
2021-01-27 18:28:44 INFO  NotificationController:35 - Created new timers
2021-01-27 18:28:44 INFO  Main:51 - Restarted the notification subsystem
2021-01-27 18:28:44 INFO  Main:31 - Go to main menu
2021-01-27 18:28:44 INFO  ConsoleView:74 - Main menu has been printed
2021-01-27 18:30:51 INFO  Main:22 - Start of the program ===================
2021-01-27 18:30:52 INFO  Main:27 - Data from the file data.txt has been read
2021-01-27 18:30:52 INFO  NotificationController:21 - Timers were canceled
2021-01-27 18:30:54 INFO  NotificationController:35 - Created new timers
2021-01-27 18:30:54 INFO  Main:51 - Restarted the notification subsystem
2021-01-27 18:30:54 INFO  Main:31 - Go to main menu
2021-01-27 18:30:54 INFO  ConsoleView:74 - Main menu has been printed
2021-01-27 18:30:59 INFO  Controller:117 - Getting user input. Result: 2
2021-01-27 18:30:59 INFO  Controller:130 - Go to list all tasks
2021-01-27 18:30:59 INFO  ConsoleView:80 - List menu has been printed
2021-01-27 18:30:59 INFO  ConsoleView:34 - The task list has been printed
2021-01-27 18:31:30 INFO  TimerTask:19 - Notification was been printed
2021-01-27 18:33:00 INFO  TimerTask:19 - Notification was been printed
2021-01-27 18:34:30 INFO  TimerTask:19 - Notification was been printed
2021-01-27 18:36:00 INFO  TimerTask:19 - Notification was been printed
2021-01-27 18:37:30 INFO  TimerTask:19 - Notification was been printed
2021-01-27 18:39:00 INFO  TimerTask:19 - Notification was been printed
2021-01-27 18:40:30 INFO  TimerTask:19 - Notification was been printed
2021-01-27 18:42:00 INFO  TimerTask:19 - Notification was been printed
2021-01-27 18:43:01 INFO  Controller:148 - Getting user input. Result: 6
2021-01-27 18:43:01 INFO  Controller:157 - Selected a task
2021-01-27 18:43:01 INFO  ConsoleView:41 - Task info has been printed
2021-01-27 18:43:01 INFO  ConsoleView:68 - Task options have been printed
2021-01-27 18:43:13 INFO  Controller:168 - Getting user input. Result: 3
2021-01-27 18:43:13 INFO  ConsoleView:80 - List menu has been printed
2021-01-27 18:43:13 INFO  ConsoleView:34 - The task list has been printed
2021-01-27 18:43:14 INFO  Controller:148 - Getting user input. Result: 0
2021-01-27 18:43:14 INFO  ConsoleView:74 - Main menu has been printed
2021-01-27 18:43:16 INFO  Controller:117 - Getting user input. Result: 1
2021-01-27 18:43:16 INFO  Controller:126 - Go to calendar for week
2021-01-27 18:43:18 INFO  ConsoleView:59 - Calendar for week has been printed
2021-01-27 18:43:18 INFO  ConsoleView:34 - The task list has been printed
2021-01-27 18:43:30 INFO  TimerTask:19 - Notification was been printed
2021-01-27 18:43:37 INFO  Controller:204 - Getting user input. Result: 3
2021-01-27 18:43:37 INFO  Controller:211 - Selected a task
2021-01-27 18:43:37 INFO  ConsoleView:41 - Task info has been printed
2021-01-27 18:43:37 INFO  ConsoleView:68 - Task options have been printed
2021-01-27 18:43:38 INFO  Controller:168 - Getting user input. Result: 1
2021-01-27 18:43:38 INFO  Controller:179 - Task has been deactivated
2021-01-27 18:43:38 INFO  NotificationController:21 - Timers were canceled
2021-01-27 18:43:38 INFO  NotificationController:35 - Created new timers
2021-01-27 18:43:38 INFO  Main:51 - Restarted the notification subsystem
2021-01-27 18:43:38 INFO  ConsoleView:59 - Calendar for week has been printed
2021-01-27 18:43:38 INFO  ConsoleView:34 - The task list has been printed
2021-01-27 18:43:44 INFO  Controller:204 - Getting user input. Result: 1
2021-01-27 18:43:44 INFO  ConsoleView:74 - Main menu has been printed
2021-01-27 18:43:47 INFO  Controller:117 - Getting user input. Result: 3
2021-01-27 18:43:47 INFO  Main:37 - File data.txt has been deleted
2021-01-27 18:43:47 INFO  Main:40 - New file data.txt created
2021-01-27 18:43:47 INFO  Main:46 - Data has been written to a file data.txt
2021-01-27 18:43:47 INFO  Controller:135 - Terminating the program ============
2021-01-27 19:02:23 INFO  Main:22 - Start of the program ===================
2021-01-27 19:02:23 INFO  Main:27 - Data from the file data.txt has been read
2021-01-27 19:02:23 INFO  NotificationController:21 - Timers were canceled
2021-01-27 19:02:23 INFO  NotificationController:35 - Created new timers
2021-01-27 19:02:23 INFO  Main:51 - Restarted the notification subsystem
2021-01-27 19:02:23 INFO  Main:31 - Go to main menu
2021-01-27 19:02:23 INFO  ConsoleView:74 - Main menu has been printed
2021-01-27 19:02:32 INFO  Controller:124 - Getting user input. Result: 0
2021-01-27 19:03:02 INFO  Controller:128 - Got info about new task
2021-01-27 19:03:02 INFO  Controller:78 - Added new task
2021-01-27 19:03:02 INFO  NotificationController:21 - Timers were canceled
2021-01-27 19:03:02 INFO  NotificationController:35 - Created new timers
2021-01-27 19:03:02 INFO  Main:51 - Restarted the notification subsystem
2021-01-27 19:03:02 INFO  ConsoleView:74 - Main menu has been printed
2021-01-27 19:03:15 INFO  Controller:124 - Getting user input. Result: 2
2021-01-27 19:03:15 INFO  Controller:137 - Go to list all tasks
2021-01-27 19:03:15 INFO  ConsoleView:80 - List menu has been printed
2021-01-27 19:03:15 INFO  ConsoleView:34 - The task list has been printed
2021-01-27 19:03:27 INFO  Controller:155 - Getting user input. Result: 0
2021-01-27 19:03:27 INFO  ConsoleView:74 - Main menu has been printed
2021-01-27 19:03:36 INFO  Controller:124 - Getting user input. Result: 3
2021-01-27 19:03:36 INFO  Main:37 - File data.txt has been deleted
2021-01-27 19:03:36 INFO  Main:40 - New file data.txt created
2021-01-27 19:03:36 INFO  Main:46 - Data has been written to a file data.txt
2021-01-27 19:03:36 INFO  Controller:142 - Terminating the program ============
2021-01-29 15:34:54 INFO  Main:22 - Start of the program ===================
2021-01-29 15:34:54 ERROR TaskIO:71 - IOException, while reading the text from a file
2021-01-29 15:34:54 INFO  Main:27 - Data from the file data.txt has been read
2021-01-29 15:34:54 INFO  NotificationController:21 - Timers were canceled
2021-01-29 15:34:54 INFO  NotificationController:35 - Created new timers
2021-01-29 15:34:54 INFO  Main:51 - Restarted the notification subsystem
2021-01-29 15:34:54 INFO  Main:31 - Go to main menu
2021-01-29 15:34:54 INFO  ConsoleView:74 - Main menu has been printed
2021-01-29 15:35:14 INFO  Main:22 - Start of the program ===================
2021-01-29 15:35:14 ERROR TaskIO:71 - IOException, while reading the text from a file
2021-01-29 15:35:14 INFO  Main:27 - Data from the file data.txt has been read
2021-01-29 15:35:14 INFO  NotificationController:21 - Timers were canceled
2021-01-29 15:35:14 INFO  NotificationController:35 - Created new timers
2021-01-29 15:35:14 INFO  Main:51 - Restarted the notification subsystem
2021-01-29 15:35:14 INFO  Main:31 - Go to main menu
2021-01-29 15:35:14 INFO  ConsoleView:74 - Main menu has been printed
2021-01-29 15:35:22 INFO  Main:22 - Start of the program ===================
2021-01-29 15:35:22 ERROR TaskIO:71 - IOException, while reading the text from a file
2021-01-29 15:35:22 INFO  Main:27 - Data from the file data.txt has been read
2021-01-29 15:35:22 INFO  NotificationController:21 - Timers were canceled
2021-01-29 15:35:22 INFO  NotificationController:35 - Created new timers
2021-01-29 15:35:22 INFO  Main:51 - Restarted the notification subsystem
2021-01-29 15:35:22 INFO  Main:31 - Go to main menu
2021-01-29 15:35:22 INFO  ConsoleView:74 - Main menu has been printed
2021-01-29 15:35:41 INFO  Main:22 - Start of the program ===================
2021-01-29 15:35:41 ERROR TaskIO:71 - IOException, while reading the text from a file
2021-01-29 15:35:41 INFO  Main:27 - Data from the file data.txt has been read
2021-01-29 15:35:41 INFO  NotificationController:21 - Timers were canceled
2021-01-29 15:35:41 INFO  NotificationController:35 - Created new timers
2021-01-29 15:35:41 INFO  Main:51 - Restarted the notification subsystem
2021-01-29 15:35:41 INFO  Main:31 - Go to main menu
2021-01-29 15:35:41 INFO  ConsoleView:74 - Main menu has been printed
2021-01-29 15:37:13 INFO  Main:22 - Start of the program ===================
2021-01-29 15:37:13 ERROR TaskIO:71 - IOException, while reading the text from a file
2021-01-29 15:37:13 INFO  Main:27 - Data from the file data.txt has been read
2021-01-29 15:37:13 INFO  NotificationController:21 - Timers were canceled
2021-01-29 15:37:13 INFO  NotificationController:35 - Created new timers
2021-01-29 15:37:13 INFO  Main:51 - Restarted the notification subsystem
2021-01-29 15:37:13 INFO  Main:31 - Go to main menu
2021-01-29 15:37:13 INFO  ConsoleView:74 - Main menu has been printed
2021-01-29 15:49:47 INFO  Main:22 - Start of the program ===================
2021-01-29 15:49:47 ERROR TaskIO:71 - IOException, while reading the text from a file
2021-01-29 15:49:47 INFO  Main:27 - Data from the file data.txt has been read
2021-01-29 15:49:47 INFO  NotificationController:21 - Timers were canceled
2021-01-29 15:49:47 INFO  NotificationController:35 - Created new timers
2021-01-29 15:49:47 INFO  Main:51 - Restarted the notification subsystem
2021-01-29 15:49:47 INFO  Main:31 - Go to main menu
2021-01-29 15:49:47 INFO  ConsoleView:74 - Main menu has been printed
2021-01-29 15:51:50 INFO  Main:22 - Start of the program ===================
2021-01-29 15:51:50 ERROR TaskIO:71 - IOException, while reading the text from a file
2021-01-29 15:51:50 INFO  Main:27 - Data from the file data.txt has been read
2021-01-29 15:51:50 INFO  NotificationController:21 - Timers were canceled
2021-01-29 15:51:50 INFO  NotificationController:35 - Created new timers
2021-01-29 15:51:50 INFO  Main:51 - Restarted the notification subsystem
2021-01-29 15:51:50 INFO  Main:31 - Go to main menu
2021-01-29 15:51:50 INFO  ConsoleView:74 - Main menu has been printed
2021-01-29 16:11:54 INFO  Main:22 - Start of the program ===================
2021-01-29 16:11:54 ERROR TaskIO:71 - IOException, while reading the text from a file
2021-01-29 16:11:54 INFO  Main:27 - Data from the file data.txt has been read
2021-01-29 16:11:54 INFO  NotificationController:21 - Timers were canceled
2021-01-29 16:11:55 INFO  NotificationController:35 - Created new timers
2021-01-29 16:11:55 INFO  Main:51 - Restarted the notification subsystem
2021-01-29 16:11:55 INFO  Main:31 - Go to main menu
2021-01-29 16:11:55 INFO  ConsoleView:74 - Main menu has been printed
2021-01-29 16:12:07 INFO  Controller:124 - Getting user input. Result: 2
2021-01-29 16:12:07 INFO  Controller:137 - Go to list all tasks
2021-01-29 16:12:07 INFO  ConsoleView:80 - List menu has been printed
2021-01-29 16:12:07 INFO  ConsoleView:34 - The task list has been printed
2021-01-29 16:12:16 INFO  Controller:155 - Getting user input. Result: 0
2021-01-29 16:12:16 INFO  ConsoleView:74 - Main menu has been printed
2021-01-29 16:12:26 INFO  Controller:124 - Getting user input. Result: 0
2021-01-29 16:12:47 INFO  Controller:128 - Got info about new task
2021-01-29 16:12:47 INFO  Controller:78 - Added new task
2021-01-29 16:12:47 INFO  NotificationController:21 - Timers were canceled
2021-01-29 16:12:47 INFO  NotificationController:35 - Created new timers
2021-01-29 16:12:47 INFO  Main:51 - Restarted the notification subsystem
2021-01-29 16:12:47 INFO  ConsoleView:74 - Main menu has been printed
2021-01-29 16:12:49 INFO  Controller:124 - Getting user input. Result: 2
2021-01-29 16:12:49 INFO  Controller:137 - Go to list all tasks
2021-01-29 16:12:49 INFO  ConsoleView:80 - List menu has been printed
2021-01-29 16:12:49 INFO  ConsoleView:34 - The task list has been printed
2021-01-29 16:13:13 INFO  Controller:155 - Getting user input. Result: 0
2021-01-29 16:13:13 INFO  ConsoleView:74 - Main menu has been printed
2021-01-29 16:13:51 INFO  Main:22 - Start of the program ===================
2021-01-29 16:13:51 ERROR TaskIO:71 - IOException, while reading the text from a file
2021-01-29 16:13:51 INFO  Main:27 - Data from the file data.txt has been read
2021-01-29 16:13:51 INFO  NotificationController:21 - Timers were canceled
2021-01-29 16:13:52 INFO  NotificationController:35 - Created new timers
2021-01-29 16:13:52 INFO  Main:51 - Restarted the notification subsystem
2021-01-29 16:13:52 INFO  Main:31 - Go to main menu
2021-01-29 16:13:52 INFO  ConsoleView:74 - Main menu has been printed
2021-01-29 16:13:54 INFO  Controller:124 - Getting user input. Result: 2
2021-01-29 16:13:54 INFO  Controller:137 - Go to list all tasks
2021-01-29 16:13:54 INFO  ConsoleView:80 - List menu has been printed
2021-01-29 16:13:54 INFO  ConsoleView:34 - The task list has been printed
2021-01-29 16:13:57 INFO  Controller:155 - Getting user input. Result: 0
2021-01-29 16:13:57 INFO  ConsoleView:74 - Main menu has been printed
2021-01-29 16:13:58 INFO  Controller:124 - Getting user input. Result: 3
2021-01-29 16:13:58 INFO  Main:37 - File data.txt has been deleted
2021-01-29 16:13:58 ERROR Main:43 - IOException, while creating new file
2021-01-29 16:13:58 ERROR TaskIO:62 - IOException, while writing the text to a file
2021-01-29 16:13:58 INFO  Main:46 - Data has been written to a file data.txt
2021-01-29 16:13:58 INFO  Controller:142 - Terminating the program ============
2021-01-29 16:16:08 INFO  Main:22 - Start of the program ===================
2021-01-29 16:16:08 INFO  Main:27 - Data from the file data.txt has been read
2021-01-29 16:16:08 INFO  NotificationController:21 - Timers were canceled
2021-01-29 16:16:08 INFO  NotificationController:35 - Created new timers
2021-01-29 16:16:08 INFO  Main:51 - Restarted the notification subsystem
2021-01-29 16:16:08 INFO  Main:31 - Go to main menu
2021-01-29 16:16:08 INFO  ConsoleView:74 - Main menu has been printed
2021-01-29 16:16:53 INFO  Controller:124 - Getting user input. Result: 2
2021-01-29 16:16:53 INFO  Controller:137 - Go to list all tasks
2021-01-29 16:16:53 INFO  ConsoleView:80 - List menu has been printed
2021-01-29 16:16:53 INFO  ConsoleView:34 - The task list has been printed
2021-01-29 16:17:06 INFO  Controller:155 - Getting user input. Result: 0
2021-01-29 16:17:06 INFO  ConsoleView:74 - Main menu has been printed
2021-01-29 16:18:15 INFO  Controller:124 - Getting user input. Result: 1
2021-01-29 16:18:15 INFO  Controller:133 - Go to calendar for week
2021-01-29 16:18:15 INFO  ConsoleView:59 - Calendar for week has been printed
2021-01-29 16:18:15 INFO  ConsoleView:34 - The task list has been printed
2021-01-29 16:18:19 INFO  Controller:211 - Getting user input. Result: 1
2021-01-29 16:18:19 INFO  ConsoleView:74 - Main menu has been printed
2021-01-29 16:18:22 INFO  Controller:124 - Getting user input. Result: 3
2021-01-29 16:18:22 INFO  Main:37 - File data.txt has been deleted
2021-01-29 16:18:22 INFO  Main:40 - New file data.txt created
2021-01-29 16:18:22 INFO  Main:46 - Data has been written to a file data.txt
2021-01-29 16:18:22 INFO  Controller:142 - Terminating the program ============
2021-01-29 16:18:54 INFO  Main:22 - Start of the program ===================
2021-01-29 16:18:54 ERROR TaskIO:71 - IOException, while reading the text from a file
2021-01-29 16:18:54 INFO  Main:27 - Data from the file data.txt has been read
2021-01-29 16:18:54 INFO  NotificationController:21 - Timers were canceled
2021-01-29 16:18:54 INFO  NotificationController:35 - Created new timers
2021-01-29 16:18:54 INFO  Main:51 - Restarted the notification subsystem
2021-01-29 16:18:54 INFO  Main:31 - Go to main menu
2021-01-29 16:18:54 INFO  ConsoleView:74 - Main menu has been printed
2021-01-29 16:18:58 INFO  Controller:124 - Getting user input. Result: 2
2021-01-29 16:18:58 INFO  Controller:137 - Go to list all tasks
2021-01-29 16:18:58 INFO  ConsoleView:80 - List menu has been printed
2021-01-29 16:18:58 INFO  ConsoleView:34 - The task list has been printed
2021-01-29 16:19:00 INFO  Controller:155 - Getting user input. Result: 0
2021-01-29 16:19:00 INFO  ConsoleView:74 - Main menu has been printed
2021-01-29 16:19:03 INFO  Controller:124 - Getting user input. Result: 3
2021-01-29 16:19:03 INFO  Main:37 - File data.txt has been deleted
2021-01-29 16:19:03 ERROR Main:43 - IOException, while creating new file
2021-01-29 16:19:03 ERROR TaskIO:62 - IOException, while writing the text to a file
2021-01-29 16:19:03 INFO  Main:46 - Data has been written to a file data.txt
2021-01-29 16:19:03 INFO  Controller:142 - Terminating the program ============
2021-01-29 16:19:08 INFO  Main:22 - Start of the program ===================
2021-01-29 16:19:08 ERROR TaskIO:71 - IOException, while reading the text from a file
2021-01-29 16:19:08 INFO  Main:27 - Data from the file data.txt has been read
2021-01-29 16:19:08 INFO  NotificationController:21 - Timers were canceled
2021-01-29 16:19:08 INFO  NotificationController:35 - Created new timers
2021-01-29 16:19:08 INFO  Main:51 - Restarted the notification subsystem
2021-01-29 16:19:08 INFO  Main:31 - Go to main menu
2021-01-29 16:19:08 INFO  ConsoleView:74 - Main menu has been printed
2021-01-29 16:20:36 INFO  Main:22 - Start of the program ===================
2021-01-29 16:20:36 ERROR TaskIO:71 - IOException, while reading the text from a file
2021-01-29 16:20:36 INFO  Main:27 - Data from the file data.txt has been read
2021-01-29 16:20:36 INFO  NotificationController:21 - Timers were canceled
2021-01-29 16:20:36 INFO  NotificationController:35 - Created new timers
2021-01-29 16:20:36 INFO  Main:51 - Restarted the notification subsystem
2021-01-29 16:20:36 INFO  Main:31 - Go to main menu
2021-01-29 16:20:36 INFO  ConsoleView:74 - Main menu has been printed
2021-01-29 16:20:51 INFO  Main:22 - Start of the program ===================
2021-01-29 16:20:51 ERROR TaskIO:71 - IOException, while reading the text from a file
2021-01-29 16:20:51 INFO  Main:27 - Data from the file data.txt has been read
2021-01-29 16:20:51 INFO  NotificationController:21 - Timers were canceled
2021-01-29 16:20:51 INFO  NotificationController:35 - Created new timers
2021-01-29 16:20:51 INFO  Main:51 - Restarted the notification subsystem
2021-01-29 16:20:51 INFO  Main:31 - Go to main menu
2021-01-29 16:20:51 INFO  ConsoleView:74 - Main menu has been printed
2021-01-29 16:31:47 INFO  Main:22 - Start of the program ===================
2021-01-29 16:31:47 ERROR TaskIO:71 - IOException, while reading the text from a file
2021-01-29 16:31:47 INFO  Main:27 - Data from the file data.txt has been read
2021-01-29 16:31:47 INFO  NotificationController:21 - Timers were canceled
2021-01-29 16:31:47 INFO  NotificationController:35 - Created new timers
2021-01-29 16:31:47 INFO  Main:51 - Restarted the notification subsystem
2021-01-29 16:31:47 INFO  Main:31 - Go to main menu
2021-01-29 16:31:47 INFO  ConsoleView:74 - Main menu has been printed
2021-01-29 16:31:51 INFO  Controller:124 - Getting user input. Result: 2
2021-01-29 16:31:51 INFO  Controller:137 - Go to list all tasks
2021-01-29 16:31:51 INFO  ConsoleView:80 - List menu has been printed
2021-01-29 16:31:51 INFO  ConsoleView:34 - The task list has been printed
2021-01-29 16:31:54 INFO  Controller:155 - Getting user input. Result: 0
2021-01-29 16:31:54 INFO  ConsoleView:74 - Main menu has been printed
2021-01-29 16:31:56 INFO  Controller:124 - Getting user input. Result: 0
2021-01-29 16:32:13 INFO  Controller:128 - Got info about new task
2021-01-29 16:32:13 INFO  Controller:78 - Added new task
2021-01-29 16:32:13 INFO  NotificationController:21 - Timers were canceled
2021-01-29 16:32:13 INFO  NotificationController:35 - Created new timers
2021-01-29 16:32:13 INFO  Main:51 - Restarted the notification subsystem
2021-01-29 16:32:13 INFO  ConsoleView:74 - Main menu has been printed
2021-01-29 16:32:14 INFO  Controller:124 - Getting user input. Result: 3
2021-01-29 16:32:14 INFO  Main:37 - File data.txt has been deleted
2021-01-29 16:32:14 INFO  Main:40 - New file data.txt created
2021-01-29 16:32:14 INFO  Main:46 - Data has been written to a file data.txt
2021-01-29 16:32:14 INFO  Controller:142 - Terminating the program ============
2021-01-29 16:33:06 INFO  Main:22 - Start of the program ===================
2021-01-29 16:33:06 ERROR TaskIO:71 - IOException, while reading the text from a file
2021-01-29 16:33:06 INFO  Main:27 - Data from the file data.txt has been read
2021-01-29 16:33:06 INFO  NotificationController:21 - Timers were canceled
2021-01-29 16:33:07 INFO  NotificationController:35 - Created new timers
2021-01-29 16:33:07 INFO  Main:51 - Restarted the notification subsystem
2021-01-29 16:33:07 INFO  Main:31 - Go to main menu
2021-01-29 16:33:07 INFO  ConsoleView:74 - Main menu has been printed
2021-01-29 16:33:09 INFO  Controller:124 - Getting user input. Result: 2
2021-01-29 16:33:09 INFO  Controller:137 - Go to list all tasks
2021-01-29 16:33:09 INFO  ConsoleView:80 - List menu has been printed
2021-01-29 16:33:09 INFO  ConsoleView:34 - The task list has been printed
2021-01-29 16:33:11 INFO  Controller:155 - Getting user input. Result: 0
2021-01-29 16:33:11 INFO  ConsoleView:74 - Main menu has been printed
2021-01-29 16:42:55 INFO  Main:22 - Start of the program ===================
2021-01-29 16:42:55 ERROR TaskIO:71 - IOException, while reading the text from a file
2021-01-29 16:42:55 INFO  Main:27 - Data from the file data.txt has been read
2021-01-29 16:42:55 INFO  NotificationController:21 - Timers were canceled
2021-01-29 16:42:55 INFO  NotificationController:35 - Created new timers
2021-01-29 16:42:55 INFO  Main:51 - Restarted the notification subsystem
2021-01-29 16:42:55 INFO  Main:31 - Go to main menu
2021-01-29 16:42:55 INFO  ConsoleView:74 - Main menu has been printed
2021-01-29 16:42:59 INFO  Controller:124 - Getting user input. Result: 0
2021-01-29 16:43:36 INFO  Controller:128 - Got info about new task
2021-01-29 16:43:36 INFO  Controller:78 - Added new task
2021-01-29 16:43:36 INFO  NotificationController:21 - Timers were canceled
2021-01-29 16:43:36 INFO  NotificationController:35 - Created new timers
2021-01-29 16:43:36 INFO  Main:51 - Restarted the notification subsystem
2021-01-29 16:43:36 INFO  ConsoleView:74 - Main menu has been printed
2021-01-29 16:43:39 INFO  Controller:124 - Getting user input. Result: 2
2021-01-29 16:43:39 INFO  Controller:137 - Go to list all tasks
2021-01-29 16:43:39 INFO  ConsoleView:80 - List menu has been printed
2021-01-29 16:43:39 INFO  ConsoleView:34 - The task list has been printed
2021-01-29 16:43:53 INFO  Controller:155 - Getting user input. Result: 0
2021-01-29 16:43:53 INFO  ConsoleView:74 - Main menu has been printed
2021-01-29 16:43:57 INFO  Controller:124 - Getting user input. Result: 2
2021-01-29 16:43:57 INFO  Controller:137 - Go to list all tasks
2021-01-29 16:43:57 INFO  ConsoleView:80 - List menu has been printed
2021-01-29 16:43:57 INFO  ConsoleView:34 - The task list has been printed
2021-01-29 16:43:59 INFO  Controller:155 - Getting user input. Result: 0
2021-01-29 16:43:59 INFO  ConsoleView:74 - Main menu has been printed
2021-01-29 16:44:00 INFO  Controller:124 - Getting user input. Result: 3
2021-01-29 16:44:00 INFO  Main:37 - File data.txt has been deleted
2021-01-29 16:44:00 INFO  Main:40 - New file data.txt created
2021-01-29 16:44:00 INFO  Main:46 - Data has been written to a file data.txt
2021-01-29 16:44:00 INFO  Controller:142 - Terminating the program ============
2021-01-29 16:44:09 INFO  Main:22 - Start of the program ===================
2021-01-29 16:44:09 INFO  Main:27 - Data from the file data.txt has been read
2021-01-29 16:44:09 INFO  NotificationController:21 - Timers were canceled
2021-01-29 16:44:09 INFO  NotificationController:35 - Created new timers
2021-01-29 16:44:09 INFO  Main:51 - Restarted the notification subsystem
2021-01-29 16:44:09 INFO  Main:31 - Go to main menu
2021-01-29 16:44:09 INFO  ConsoleView:74 - Main menu has been printed
2021-01-29 16:44:14 INFO  Controller:124 - Getting user input. Result: 2
2021-01-29 16:44:14 INFO  Controller:137 - Go to list all tasks
2021-01-29 16:44:14 INFO  ConsoleView:80 - List menu has been printed
2021-01-29 16:44:14 INFO  ConsoleView:34 - The task list has been printed
2021-01-29 16:44:16 INFO  Controller:155 - Getting user input. Result: 0
2021-01-29 16:44:16 INFO  ConsoleView:74 - Main menu has been printed
2021-01-29 16:44:23 INFO  Main:22 - Start of the program ===================
2021-01-29 16:44:23 INFO  Main:27 - Data from the file data.txt has been read
2021-01-29 16:44:23 INFO  NotificationController:21 - Timers were canceled
2021-01-29 16:44:23 INFO  NotificationController:35 - Created new timers
2021-01-29 16:44:23 INFO  Main:51 - Restarted the notification subsystem
2021-01-29 16:44:23 INFO  Main:31 - Go to main menu
2021-01-29 16:44:23 INFO  ConsoleView:74 - Main menu has been printed
2021-01-29 16:46:29 INFO  Main:22 - Start of the program ===================
2021-01-29 16:46:29 INFO  Main:27 - Data from the file data.txt has been read
2021-01-29 16:46:29 INFO  NotificationController:21 - Timers were canceled
2021-01-29 16:46:29 INFO  NotificationController:35 - Created new timers
2021-01-29 16:46:29 INFO  Main:51 - Restarted the notification subsystem
2021-01-29 16:46:29 INFO  Main:31 - Go to main menu
2021-01-29 16:46:29 INFO  ConsoleView:74 - Main menu has been printed
2021-01-29 16:46:35 INFO  Controller:124 - Getting user input. Result: 2
2021-01-29 16:46:35 INFO  Controller:137 - Go to list all tasks
2021-01-29 16:46:35 INFO  ConsoleView:80 - List menu has been printed
2021-01-29 16:46:35 INFO  ConsoleView:34 - The task list has been printed
2021-01-29 16:47:00 INFO  Controller:155 - Getting user input. Result: 0
2021-01-29 16:47:00 INFO  ConsoleView:74 - Main menu has been printed
2021-01-29 16:47:01 INFO  Controller:124 - Getting user input. Result: 3
2021-01-29 16:47:01 INFO  Main:37 - File data.txt has been deleted
2021-01-29 16:47:01 INFO  Main:40 - New file data.txt created
2021-01-29 16:47:01 INFO  Main:46 - Data has been written to a file data.txt
2021-01-29 16:47:01 INFO  Controller:142 - Terminating the program ============
2021-01-29 16:47:41 INFO  Main:22 - Start of the program ===================
2021-01-29 16:47:41 ERROR TaskIO:71 - IOException, while reading the text from a file
2021-01-29 16:47:41 INFO  Main:27 - Data from the file data.txt has been read
2021-01-29 16:47:41 INFO  NotificationController:21 - Timers were canceled
2021-01-29 16:47:41 INFO  NotificationController:35 - Created new timers
2021-01-29 16:47:41 INFO  Main:51 - Restarted the notification subsystem
2021-01-29 16:47:41 INFO  Main:31 - Go to main menu
2021-01-29 16:47:41 INFO  ConsoleView:74 - Main menu has been printed
2021-01-29 16:47:43 INFO  Controller:124 - Getting user input. Result: 2
2021-01-29 16:47:43 INFO  Controller:137 - Go to list all tasks
2021-01-29 16:47:43 INFO  ConsoleView:80 - List menu has been printed
2021-01-29 16:47:43 INFO  ConsoleView:34 - The task list has been printed
2021-01-29 16:47:45 INFO  Controller:155 - Getting user input. Result: 0
2021-01-29 16:47:45 INFO  ConsoleView:74 - Main menu has been printed
2021-01-29 16:47:46 INFO  Controller:124 - Getting user input. Result: 0
2021-01-29 16:48:01 INFO  Controller:128 - Got info about new task
2021-01-29 16:48:02 INFO  Controller:78 - Added new task
2021-01-29 16:48:02 INFO  NotificationController:21 - Timers were canceled
2021-01-29 16:48:02 INFO  NotificationController:35 - Created new timers
2021-01-29 16:48:02 INFO  Main:51 - Restarted the notification subsystem
2021-01-29 16:48:02 INFO  ConsoleView:74 - Main menu has been printed
2021-01-29 16:48:03 INFO  Controller:124 - Getting user input. Result: 2
2021-01-29 16:48:03 INFO  Controller:137 - Go to list all tasks
2021-01-29 16:48:03 INFO  ConsoleView:80 - List menu has been printed
2021-01-29 16:48:03 INFO  ConsoleView:34 - The task list has been printed
2021-01-29 16:48:05 INFO  Controller:155 - Getting user input. Result: 0
2021-01-29 16:48:05 INFO  ConsoleView:74 - Main menu has been printed
2021-01-29 16:48:07 INFO  Controller:124 - Getting user input. Result: 3
2021-01-29 16:48:07 INFO  Main:37 - File data.txt has been deleted
2021-01-29 16:48:07 ERROR Main:43 - IOException, while creating new file
2021-01-29 16:48:07 ERROR TaskIO:62 - IOException, while writing the text to a file
2021-01-29 16:48:07 INFO  Main:46 - Data has been written to a file data.txt
2021-01-29 16:48:07 INFO  Controller:142 - Terminating the program ============
2021-01-29 16:48:10 INFO  Main:22 - Start of the program ===================
2021-01-29 16:48:10 ERROR TaskIO:71 - IOException, while reading the text from a file
2021-01-29 16:48:10 INFO  Main:27 - Data from the file data.txt has been read
2021-01-29 16:48:10 INFO  NotificationController:21 - Timers were canceled
2021-01-29 16:48:10 INFO  NotificationController:35 - Created new timers
2021-01-29 16:48:10 INFO  Main:51 - Restarted the notification subsystem
2021-01-29 16:48:10 INFO  Main:31 - Go to main menu
2021-01-29 16:48:10 INFO  ConsoleView:74 - Main menu has been printed
2021-01-29 16:48:12 INFO  Controller:124 - Getting user input. Result: 2
2021-01-29 16:48:12 INFO  Controller:137 - Go to list all tasks
2021-01-29 16:48:12 INFO  ConsoleView:80 - List menu has been printed
2021-01-29 16:48:12 INFO  ConsoleView:34 - The task list has been printed
2021-01-29 16:54:55 INFO  Main:22 - Start of the program ===================
2021-01-29 16:54:55 ERROR TaskIO:71 - IOException, while reading the text from a file
2021-01-29 16:54:55 INFO  Main:27 - Data from the file data.txt has been read
2021-01-29 16:54:55 INFO  NotificationController:21 - Timers were canceled
2021-01-29 16:54:55 INFO  NotificationController:35 - Created new timers
2021-01-29 16:54:55 INFO  Main:51 - Restarted the notification subsystem
2021-01-29 16:54:55 INFO  Main:31 - Go to main menu
2021-01-29 16:54:55 INFO  ConsoleView:74 - Main menu has been printed
2021-01-29 16:54:57 INFO  Controller:124 - Getting user input. Result: 2
2021-01-29 16:54:57 INFO  Controller:137 - Go to list all tasks
2021-01-29 16:54:57 INFO  ConsoleView:80 - List menu has been printed
2021-01-29 16:54:57 INFO  ConsoleView:34 - The task list has been printed
2021-01-29 16:54:58 INFO  Controller:155 - Getting user input. Result: 0
2021-01-29 16:54:58 INFO  ConsoleView:74 - Main menu has been printed
2021-01-29 16:54:59 INFO  Controller:124 - Getting user input. Result: 0
2021-01-29 16:55:17 INFO  Controller:128 - Got info about new task
2021-01-29 16:55:17 INFO  Controller:78 - Added new task
2021-01-29 16:55:17 INFO  NotificationController:21 - Timers were canceled
2021-01-29 16:55:17 INFO  NotificationController:35 - Created new timers
2021-01-29 16:55:17 INFO  Main:51 - Restarted the notification subsystem
2021-01-29 16:55:17 INFO  ConsoleView:74 - Main menu has been printed
2021-01-29 16:55:18 INFO  Controller:124 - Getting user input. Result: 2
2021-01-29 16:55:18 INFO  Controller:137 - Go to list all tasks
2021-01-29 16:55:18 INFO  ConsoleView:80 - List menu has been printed
2021-01-29 16:55:18 INFO  ConsoleView:34 - The task list has been printed
2021-01-29 16:55:23 INFO  Controller:155 - Getting user input. Result: 0
2021-01-29 16:55:23 INFO  ConsoleView:74 - Main menu has been printed
2021-01-29 16:55:24 INFO  Controller:124 - Getting user input. Result: 3
2021-01-29 16:55:24 INFO  Main:37 - File data.txt has been deleted
2021-01-29 16:55:24 ERROR Main:43 - IOException, while creating new file
2021-01-29 16:55:24 ERROR TaskIO:62 - IOException, while writing the text to a file
2021-01-29 16:55:24 INFO  Main:46 - Data has been written to a file data.txt
2021-01-29 16:55:24 INFO  Controller:142 - Terminating the program ============
2021-01-29 17:06:11 INFO  Main:22 - Start of the program ===================
2021-01-29 17:06:11 ERROR TaskIO:71 - IOException, while reading the text from a file
2021-01-29 17:06:11 INFO  Main:27 - Data from the file data.txt has been read
2021-01-29 17:06:11 INFO  NotificationController:21 - Timers were canceled
2021-01-29 17:06:12 INFO  NotificationController:35 - Created new timers
2021-01-29 17:06:12 INFO  Main:51 - Restarted the notification subsystem
2021-01-29 17:06:12 INFO  Main:31 - Go to main menu
2021-01-29 17:06:12 INFO  ConsoleView:74 - Main menu has been printed
2021-01-29 17:06:15 INFO  Controller:124 - Getting user input. Result: 0
2021-01-29 17:06:35 INFO  Controller:128 - Got info about new task
2021-01-29 17:06:35 INFO  Controller:78 - Added new task
2021-01-29 17:06:35 INFO  NotificationController:21 - Timers were canceled
2021-01-29 17:06:35 INFO  NotificationController:35 - Created new timers
2021-01-29 17:06:35 INFO  Main:51 - Restarted the notification subsystem
2021-01-29 17:06:35 INFO  ConsoleView:74 - Main menu has been printed
2021-01-29 17:06:37 INFO  Controller:124 - Getting user input. Result: 2
2021-01-29 17:06:37 INFO  Controller:137 - Go to list all tasks
2021-01-29 17:06:37 INFO  ConsoleView:80 - List menu has been printed
2021-01-29 17:06:37 INFO  ConsoleView:34 - The task list has been printed
2021-01-29 17:06:46 INFO  Controller:155 - Getting user input. Result: 0
2021-01-29 17:06:46 INFO  ConsoleView:74 - Main menu has been printed
2021-01-29 17:06:48 INFO  Controller:124 - Getting user input. Result: 0
2021-01-29 17:08:05 INFO  Main:22 - Start of the program ===================
2021-01-29 17:08:05 ERROR TaskIO:71 - IOException, while reading the text from a file
2021-01-29 17:08:05 INFO  Main:27 - Data from the file data.txt has been read
2021-01-29 17:08:05 INFO  NotificationController:21 - Timers were canceled
2021-01-29 17:08:05 INFO  NotificationController:35 - Created new timers
2021-01-29 17:08:05 INFO  Main:51 - Restarted the notification subsystem
2021-01-29 17:08:05 INFO  Main:31 - Go to main menu
2021-01-29 17:08:05 INFO  ConsoleView:74 - Main menu has been printed
2021-01-29 17:08:07 INFO  Controller:124 - Getting user input. Result: 0
2021-01-29 17:08:25 INFO  Controller:128 - Got info about new task
2021-01-29 17:08:25 INFO  Controller:78 - Added new task
2021-01-29 17:08:25 INFO  NotificationController:21 - Timers were canceled
2021-01-29 17:08:25 INFO  NotificationController:35 - Created new timers
2021-01-29 17:08:25 INFO  Main:51 - Restarted the notification subsystem
2021-01-29 17:08:25 INFO  ConsoleView:74 - Main menu has been printed
2021-01-29 17:08:26 INFO  Controller:124 - Getting user input. Result: 2
2021-01-29 17:08:26 INFO  Controller:137 - Go to list all tasks
2021-01-29 17:08:26 INFO  ConsoleView:80 - List menu has been printed
2021-01-29 17:08:27 INFO  ConsoleView:34 - The task list has been printed
2021-01-29 17:08:33 INFO  Main:22 - Start of the program ===================
2021-01-29 17:08:33 ERROR TaskIO:71 - IOException, while reading the text from a file
2021-01-29 17:08:33 INFO  Main:27 - Data from the file data.txt has been read
2021-01-29 17:08:33 INFO  NotificationController:21 - Timers were canceled
2021-01-29 17:08:33 INFO  NotificationController:35 - Created new timers
2021-01-29 17:08:33 INFO  Main:51 - Restarted the notification subsystem
2021-01-29 17:08:33 INFO  Main:31 - Go to main menu
2021-01-29 17:08:33 INFO  ConsoleView:74 - Main menu has been printed
2021-01-29 17:08:39 INFO  Controller:155 - Getting user input. Result: 0
2021-01-29 17:08:39 INFO  ConsoleView:74 - Main menu has been printed
2021-01-29 17:08:49 INFO  Controller:124 - Getting user input. Result: 0
2021-01-29 17:09:22 INFO  Controller:128 - Got info about new task
2021-01-29 17:09:22 INFO  Controller:78 - Added new task
2021-01-29 17:09:22 INFO  NotificationController:21 - Timers were canceled
2021-01-29 17:09:22 INFO  NotificationController:35 - Created new timers
2021-01-29 17:09:22 INFO  Main:51 - Restarted the notification subsystem
2021-01-29 17:09:22 INFO  ConsoleView:74 - Main menu has been printed
2021-01-29 17:09:26 INFO  Controller:124 - Getting user input. Result: 2
2021-01-29 17:09:26 INFO  Controller:137 - Go to list all tasks
2021-01-29 17:09:26 INFO  ConsoleView:80 - List menu has been printed
2021-01-29 17:09:26 INFO  ConsoleView:34 - The task list has been printed
2021-01-29 17:09:59 INFO  Controller:155 - Getting user input. Result: 0
2021-01-29 17:09:59 INFO  ConsoleView:74 - Main menu has been printed
2021-01-29 17:10:01 INFO  Controller:124 - Getting user input. Result: 3
2021-01-29 17:10:01 INFO  Main:37 - File data.txt has been deleted
2021-01-29 17:10:01 INFO  Main:40 - New file data.txt created
2021-01-29 17:10:01 INFO  Main:46 - Data has been written to a file data.txt
2021-01-29 17:10:01 INFO  Controller:142 - Terminating the program ============
2021-01-29 17:11:22 INFO  Main:22 - Start of the program ===================
2021-01-29 17:11:22 ERROR TaskIO:71 - IOException, while reading the text from a file
2021-01-29 17:11:22 INFO  Main:27 - Data from the file data.txt has been read
2021-01-29 17:11:22 INFO  NotificationController:21 - Timers were canceled
2021-01-29 17:11:22 INFO  NotificationController:35 - Created new timers
2021-01-29 17:11:22 INFO  Main:51 - Restarted the notification subsystem
2021-01-29 17:11:22 INFO  Main:31 - Go to main menu
2021-01-29 17:11:22 INFO  ConsoleView:74 - Main menu has been printed
2021-01-29 17:11:28 INFO  Controller:124 - Getting user input. Result: 3
2021-01-29 17:11:28 INFO  Main:37 - File data.txt has been deleted
2021-01-29 17:11:28 INFO  Main:40 - New file data.txt created
2021-01-29 17:11:28 INFO  Main:46 - Data has been written to a file data.txt
2021-01-29 17:11:28 INFO  Controller:142 - Terminating the program ============
